<?xml version="1.0" encoding="UTF-8"?>
<!-- Generated by org.testng.reporters.JUnitReportReporter -->
<testsuite skipped="0" hostname="DESKTOP-NFSQ4FH" name="AddPlace" tests="1" failures="0" timestamp="2020-07-15T12:57:42 IST" time="4.577" errors="0">
  <testcase name="addPlace" time="4.577" classname="AddPlace"/>
  <system-out/>
</testsuite> <!-- AddPlace -->
