<?xml version="1.0" encoding="UTF-8"?>
<!-- Generated by org.testng.reporters.JUnitReportReporter -->
<testsuite skipped="0" hostname="DESKTOP-NFSQ4FH" name="AddUpdateGetPlace" tests="3" failures="0" timestamp="2020-07-13T17:46:53 IST" time="5.911" errors="0">
  <testcase name="TC_001_addPlace" time="3.746" classname="AddUpdateGetPlace"/>
  <system-out/>
  <testcase name="TC_002_updatePlace" time="1.338" classname="AddUpdateGetPlace"/>
  <system-out/>
  <testcase name="TC_003_getPlace" time="0.827" classname="AddUpdateGetPlace"/>
  <system-out/>
</testsuite> <!-- AddUpdateGetPlace -->
