<?xml version="1.0" encoding="UTF-8"?>
<!-- Generated by org.testng.reporters.JUnitReportReporter -->
<testsuite skipped="0" hostname="DESKTOP-NFSQ4FH" name="AddPlace" tests="1" failures="0" timestamp="2020-07-13T00:47:48 IST" time="4.252" errors="0">
  <testcase name="addPlace" time="4.252" classname="AddPlace"/>
  <system-out/>
</testsuite> <!-- AddPlace -->
