<?xml version="1.0" encoding="UTF-8"?>
<!-- Generated by org.testng.reporters.JUnitReportReporter -->
<testsuite name="RestTest" tests="1" time="0.015" ignored="0" failures="0" timestamp="11 Jul 2020 15:03:49 GMT" skipped="0" hostname="DESKTOP-NFSQ4FH" errors="0">
  <testcase name="f" time="0.015" classname="RestTest"/>
</testsuite> <!-- RestTest -->
