<?xml version="1.0" encoding="UTF-8"?>
<!-- Generated by org.testng.reporters.JUnitReportReporter -->
<testsuite skipped="0" hostname="DESKTOP-NFSQ4FH" name="AddPlacePOJO" tests="1" failures="0" timestamp="2020-07-16T00:18:09 IST" time="4.195" errors="0">
  <testcase name="addPlacepojo" time="4.195" classname="AddPlacePOJO"/>
  <system-out/>
</testsuite> <!-- AddPlacePOJO -->
