<?xml version="1.0" encoding="UTF-8"?>
<!-- Generated by org.testng.reporters.JUnitReportReporter -->
<testsuite skipped="0" hostname="DESKTOP-NFSQ4FH" name="ComplexJSON" tests="1" failures="0" timestamp="2020-07-13T23:54:56 IST" time="1.469" errors="0">
  <testcase name="complexJsonTest" time="1.469" classname="ComplexJSON"/>
  <system-out/>
</testsuite> <!-- ComplexJSON -->
