<?xml version="1.0" encoding="UTF-8"?>
<!-- Generated by org.testng.reporters.JUnitReportReporter -->
<testsuite skipped="0" hostname="DESKTOP-NFSQ4FH" name="AddPlaceSpecBuilder" tests="1" failures="0" timestamp="2020-07-16T14:55:19 IST" time="3.479" errors="0">
  <testcase name="addPlacepojo" time="3.479" classname="AddPlaceSpecBuilder"/>
  <system-out/>
</testsuite> <!-- AddPlaceSpecBuilder -->
