<?xml version="1.0" encoding="UTF-8"?>
<!-- Generated by org.testng.reporters.JUnitReportReporter -->
<testsuite skipped="0" hostname="DESKTOP-NFSQ4FH" name="AddBook" tests="3" failures="0" timestamp="2020-07-15T00:00:55 IST" time="3.655" errors="0">
  <testcase name="addBook" time="0.260" classname="AddBook"/>
  <system-out/>
  <testcase name="addBook" time="0.243" classname="AddBook"/>
  <system-out/>
  <testcase name="addBook" time="3.152" classname="AddBook"/>
  <system-out/>
</testsuite> <!-- AddBook -->
