<?xml version="1.0" encoding="UTF-8"?>
<!-- Generated by org.testng.reporters.JUnitReportReporter -->
<testsuite skipped="0" hostname="DESKTOP-NFSQ4FH" name="AddDeleteBook" tests="1" failures="0" timestamp="2020-07-15T00:07:52 IST" time="4.427" errors="0">
  <testcase name="addDeleteBook" time="4.427" classname="AddDeleteBook"/>
  <system-out/>
</testsuite> <!-- AddDeleteBook -->
